# JRE version: OpenJDK Runtime Environment JBR-21.0.10+1-1163.108-jcef (21.0.10+1) (build 21.0.10+1-b1163.108)
# Java VM: OpenJDK 64-Bit Server VM JBR-21.0.10+1-1163.108-jcef (21.0.10+1-b1163.108, mixed mode, emulated-client, sharing, tiered, compressed oops, compressed class ptrs, g1 gc, windows-amd64)
GC Precious Log:
 CardTable entry size: 512
 Card Set container configuration: InlinePtr #cards 4 size 8 Array Of Cards #cards 16 size 48 Howl #buckets 8 coarsen threshold 3686 Howl Bitmap #cards 512 size 80 coarsen threshold 460 Card regions per heap region 1 cards per card region 4096
 CPUs: 14 total, 14 available
 Memory: 15804M
 Large Page Support: Disabled
 NUMA Support: Disabled
 Compressed Oops: Enabled (Zero based)
 Heap Region Size: 2M
 Heap Min Capacity: 8M
 Heap Initial Capacity: 248M
 Heap Max Capacity: 3952M
 Pre-touch: Disabled
 Parallel Workers: 11
 Concurrent Workers: 3
 Concurrent Refinement Workers: 11
 Periodic GC: Disabled
Heap:
 garbage-first heap   total 239616K, used 70627K [0x0000000709000000, 0x0000000800000000)
  region size 2048K, 6 young (12288K), 4 survivors (8192K)
 Metaspace       used 106055K, committed 107328K, reserved 1179648K
  class space    used 14999K, committed 15488K, reserved 1048576K
GC Heap History (20 events):
Event: 13.159 GC heap before
{Heap before GC invocations=56 (full 0):
 garbage-first heap   total 239616K, used 208897K [0x0000000709000000, 0x0000000800000000)
  region size 2048K, 70 young (143360K), 2 survivors (4096K)
 Metaspace       used 98091K, committed 98816K, reserved 1179648K
  class space    used 13960K, committed 14272K, reserved 1048576K
}
Event: 13.160 GC heap after
{Heap after GC invocations=57 (full 0):
 garbage-first heap   total 239616K, used 66600K [0x0000000709000000, 0x0000000800000000)
  region size 2048K, 1 young (2048K), 1 survivors (2048K)
 Metaspace       used 98091K, committed 98816K, reserved 1179648K
  class space    used 13960K, committed 14272K, reserved 1048576K
}
Event: 13.425 GC heap before
{Heap before GC invocations=57 (full 0):
 garbage-first heap   total 239616K, used 203816K [0x0000000709000000, 0x0000000800000000)
  region size 2048K, 64 young (131072K), 1 survivors (2048K)
 Metaspace       used 98091K, committed 98816K, reserved 1179648K
  class space    used 13960K, committed 14272K, reserved 1048576K
}
Event: 13.427 GC heap after
{Heap after GC invocations=58 (full 0):
 garbage-first heap   total 239616K, used 69854K [0x0000000709000000, 0x0000000800000000)
  region size 2048K, 1 young (2048K), 1 survivors (2048K)
 Metaspace       used 98091K, committed 98816K, reserved 1179648K
  class space    used 13960K, committed 14272K, reserved 1048576K
}
Event: 13.733 GC heap before
{Heap before GC invocations=58 (full 0):
 garbage-first heap   total 239616K, used 221406K [0x0000000709000000, 0x0000000800000000)
  region size 2048K, 70 young (143360K), 1 survivors (2048K)
 Metaspace       used 98092K, committed 98816K, reserved 1179648K
  class space    used 13960K, committed 14272K, reserved 1048576K
}
Event: 13.734 GC heap after
{Heap after GC invocations=59 (full 0):
 garbage-first heap   total 239616K, used 74558K [0x0000000709000000, 0x0000000800000000)
  region size 2048K, 1 young (2048K), 1 survivors (2048K)
 Metaspace       used 98092K, committed 98816K, reserved 1179648K
  class space    used 13960K, committed 14272K, reserved 1048576K
}
Event: 14.041 GC heap before
{Heap before GC invocations=59 (full 0):
 garbage-first heap   total 239616K, used 215870K [0x0000000709000000, 0x0000000800000000)
  region size 2048K, 70 young (143360K), 1 survivors (2048K)
 Metaspace       used 98092K, committed 98816K, reserved 1179648K
  class space    used 13960K, committed 14272K, reserved 1048576K
}
Event: 14.043 GC heap after
{Heap after GC invocations=60 (full 0):
 garbage-first heap   total 239616K, used 76376K [0x0000000709000000, 0x0000000800000000)
  region size 2048K, 2 young (4096K), 2 survivors (4096K)
 Metaspace       used 98092K, committed 98816K, reserved 1179648K
  class space    used 13960K, committed 14272K, reserved 1048576K
}
Event: 14.455 GC heap before
{Heap before GC invocations=60 (full 0):
 garbage-first heap   total 239616K, used 215640K [0x0000000709000000, 0x0000000800000000)
  region size 2048K, 70 young (143360K), 2 survivors (4096K)
 Metaspace       used 100073K, committed 100736K, reserved 1179648K
  class space    used 14192K, committed 14464K, reserved 1048576K
}
Event: 14.457 GC heap after
{Heap after GC invocations=61 (full 0):
 garbage-first heap   total 239616K, used 64118K [0x0000000709000000, 0x0000000800000000)
  region size 2048K, 1 young (2048K), 1 survivors (2048K)
 Metaspace       used 100073K, committed 100736K, reserved 1179648K
  class space    used 14192K, committed 14464K, reserved 1048576K
}
Event: 15.614 GC heap before
{Heap before GC invocations=61 (full 0):
 garbage-first heap   total 239616K, used 205430K [0x0000000709000000, 0x0000000800000000)
  region size 2048K, 70 young (143360K), 1 survivors (2048K)
 Metaspace       used 102859K, committed 103616K, reserved 1179648K
  class space    used 14588K, committed 14912K, reserved 1048576K
}
Event: 15.616 GC heap after
{Heap after GC invocations=62 (full 0):
 garbage-first heap   total 239616K, used 65896K [0x0000000709000000, 0x0000000800000000)
  region size 2048K, 2 young (4096K), 2 survivors (4096K)
 Metaspace       used 102859K, committed 103616K, reserved 1179648K
  class space    used 14588K, committed 14912K, reserved 1048576K
}
Event: 22.246 GC heap before
{Heap before GC invocations=62 (full 0):
 garbage-first heap   total 239616K, used 203112K [0x0000000709000000, 0x0000000800000000)
  region size 2048K, 70 young (143360K), 2 survivors (4096K)
 Metaspace       used 105423K, committed 106304K, reserved 1179648K
  class space    used 14947K, committed 15360K, reserved 1048576K
}
Event: 22.249 GC heap after
{Heap after GC invocations=63 (full 0):
 garbage-first heap   total 239616K, used 67189K [0x0000000709000000, 0x0000000800000000)
  region size 2048K, 2 young (4096K), 2 survivors (4096K)
 Metaspace       used 105423K, committed 106304K, reserved 1179648K
  class space    used 14947K, committed 15360K, reserved 1048576K
}
Event: 88.829 GC heap before
{Heap before GC invocations=63 (full 0):
 garbage-first heap   total 239616K, used 192117K [0x0000000709000000, 0x0000000800000000)
  region size 2048K, 64 young (131072K), 2 survivors (4096K)
 Metaspace       used 106388K, committed 107264K, reserved 1179648K
  class space    used 15088K, committed 15488K, reserved 1048576K
}
Event: 88.832 GC heap after
{Heap after GC invocations=64 (full 0):
 garbage-first heap   total 239616K, used 70182K [0x0000000709000000, 0x0000000800000000)
  region size 2048K, 4 young (8192K), 4 survivors (8192K)
 Metaspace       used 106388K, committed 107264K, reserved 1179648K
  class space    used 15088K, committed 15488K, reserved 1048576K
}
Event: 93.083 GC heap before
{Heap before GC invocations=65 (full 0):
 garbage-first heap   total 239616K, used 80422K [0x0000000709000000, 0x0000000800000000)
  region size 2048K, 11 young (22528K), 4 survivors (8192K)
 Metaspace       used 106436K, committed 107328K, reserved 1179648K
  class space    used 15102K, committed 15488K, reserved 1048576K
}
Event: 93.087 GC heap after
{Heap after GC invocations=66 (full 0):
 garbage-first heap   total 239616K, used 69142K [0x0000000709000000, 0x0000000800000000)
  region size 2048K, 4 young (8192K), 4 survivors (8192K)
 Metaspace       used 106436K, committed 107328K, reserved 1179648K
  class space    used 15102K, committed 15488K, reserved 1048576K
}
Event: 223.027 GC heap before
{Heap before GC invocations=67 (full 0):
 garbage-first heap   total 239616K, used 89622K [0x0000000709000000, 0x0000000800000000)
  region size 2048K, 15 young (30720K), 4 survivors (8192K)
 Metaspace       used 106467K, committed 107328K, reserved 1179648K
  class space    used 15114K, committed 15488K, reserved 1048576K
}
Event: 223.030 GC heap after
{Heap after GC invocations=68 (full 0):
 garbage-first heap   total 239616K, used 68579K [0x0000000709000000, 0x0000000800000000)
  region size 2048K, 4 young (8192K), 4 survivors (8192K)
 Metaspace       used 106467K, committed 107328K, reserved 1179648K
  class space    used 15114K, committed 15488K, reserved 1048576K
}

